{"C:\\Users\\matheus.rrsilva1\\Desktop\\pizzaria-api\\src\\controllers\\produtoController.js": {"path":"C:\\Users\\matheus.rrsilva1\\Desktop\\pizzaria-api\\src\\controllers\\produtoController.js","statementMap":{"0":{"start":{"line":5,"column":35},"end":{"line":12,"column":2}},"1":{"start":{"line":14,"column":35},"end":{"line":20,"column":9}},"2":{"start":{"line":22,"column":29},"end":{"line":36,"column":1}},"3":{"start":{"line":23,"column":3},"end":{"line":35,"column":4}},"4":{"start":{"line":24,"column":45},"end":{"line":24,"column":54}},"5":{"start":{"line":26,"column":23},"end":{"line":26,"column":81}},"6":{"start":{"line":28,"column":6},"end":{"line":30,"column":7}},"7":{"start":{"line":29,"column":9},"end":{"line":29,"column":95}},"8":{"start":{"line":31,"column":6},"end":{"line":31,"column":25}},"9":{"start":{"line":33,"column":6},"end":{"line":33,"column":54}},"10":{"start":{"line":34,"column":6},"end":{"line":34,"column":63}},"11":{"start":{"line":38,"column":32},"end":{"line":49,"column":1}},"12":{"start":{"line":39,"column":4},"end":{"line":48,"column":5}},"13":{"start":{"line":40,"column":28},"end":{"line":40,"column":65}},"14":{"start":{"line":41,"column":8},"end":{"line":41,"column":94}},"15":{"start":{"line":43,"column":8},"end":{"line":43,"column":59}},"16":{"start":{"line":44,"column":8},"end":{"line":46,"column":9}},"17":{"start":{"line":45,"column":12},"end":{"line":45,"column":69}},"18":{"start":{"line":47,"column":8},"end":{"line":47,"column":67}},"19":{"start":{"line":52,"column":32},"end":{"line":65,"column":1}},"20":{"start":{"line":53,"column":4},"end":{"line":64,"column":5}},"21":{"start":{"line":54,"column":29},"end":{"line":54,"column":39}},"22":{"start":{"line":56,"column":24},"end":{"line":56,"column":72}},"23":{"start":{"line":57,"column":8},"end":{"line":59,"column":9}},"24":{"start":{"line":58,"column":12},"end":{"line":58,"column":75}},"25":{"start":{"line":60,"column":8},"end":{"line":60,"column":75}},"26":{"start":{"line":62,"column":8},"end":{"line":62,"column":59}},"27":{"start":{"line":63,"column":8},"end":{"line":63,"column":68}},"28":{"start":{"line":67,"column":30},"end":{"line":79,"column":1}},"29":{"start":{"line":68,"column":4},"end":{"line":78,"column":5}},"30":{"start":{"line":69,"column":30},"end":{"line":69,"column":40}},"31":{"start":{"line":70,"column":24},"end":{"line":70,"column":62}},"32":{"start":{"line":71,"column":8},"end":{"line":73,"column":9}},"33":{"start":{"line":72,"column":12},"end":{"line":72,"column":75}},"34":{"start":{"line":74,"column":8},"end":{"line":74,"column":73}},"35":{"start":{"line":76,"column":8},"end":{"line":76,"column":56}},"36":{"start":{"line":77,"column":8},"end":{"line":77,"column":65}}},"fnMap":{"0":{"name":"(anonymous_0)","decl":{"start":{"line":22,"column":29},"end":{"line":22,"column":30}},"loc":{"start":{"line":22,"column":49},"end":{"line":36,"column":1}},"line":22},"1":{"name":"(anonymous_1)","decl":{"start":{"line":38,"column":32},"end":{"line":38,"column":33}},"loc":{"start":{"line":38,"column":52},"end":{"line":49,"column":1}},"line":38},"2":{"name":"(anonymous_2)","decl":{"start":{"line":52,"column":32},"end":{"line":52,"column":33}},"loc":{"start":{"line":52,"column":52},"end":{"line":65,"column":1}},"line":52},"3":{"name":"(anonymous_3)","decl":{"start":{"line":67,"column":30},"end":{"line":67,"column":31}},"loc":{"start":{"line":67,"column":50},"end":{"line":79,"column":1}},"line":67}},"branchMap":{"0":{"loc":{"start":{"line":28,"column":6},"end":{"line":30,"column":7}},"type":"if","locations":[{"start":{"line":28,"column":6},"end":{"line":30,"column":7}},{"start":{},"end":{}}],"line":28},"1":{"loc":{"start":{"line":44,"column":8},"end":{"line":46,"column":9}},"type":"if","locations":[{"start":{"line":44,"column":8},"end":{"line":46,"column":9}},{"start":{},"end":{}}],"line":44},"2":{"loc":{"start":{"line":57,"column":8},"end":{"line":59,"column":9}},"type":"if","locations":[{"start":{"line":57,"column":8},"end":{"line":59,"column":9}},{"start":{},"end":{}}],"line":57},"3":{"loc":{"start":{"line":71,"column":8},"end":{"line":73,"column":9}},"type":"if","locations":[{"start":{"line":71,"column":8},"end":{"line":73,"column":9}},{"start":{},"end":{}}],"line":71}},"s":{"0":1,"1":1,"2":1,"3":0,"4":0,"5":0,"6":0,"7":0,"8":0,"9":0,"10":0,"11":1,"12":0,"13":0,"14":0,"15":0,"16":0,"17":0,"18":0,"19":1,"20":0,"21":0,"22":0,"23":0,"24":0,"25":0,"26":0,"27":0,"28":1,"29":0,"30":0,"31":0,"32":0,"33":0,"34":0,"35":0,"36":0},"f":{"0":0,"1":0,"2":0,"3":0},"b":{"0":[0,0],"1":[0,0],"2":[0,0],"3":[0,0]},"_coverageSchema":"1a1c01bbd47fc00a2c39e90264f33305004495a9","hash":"aee49fe65e060d72e0df987544a908033ea27b75"}
,"C:\\Users\\matheus.rrsilva1\\Desktop\\pizzaria-api\\src\\db\\db.js": {"path":"C:\\Users\\matheus.rrsilva1\\Desktop\\pizzaria-api\\src\\db\\db.js","statementMap":{"0":{"start":{"line":3,"column":11},"end":{"line":9,"column":2}},"1":{"start":{"line":11,"column":0},"end":{"line":19,"column":5}},"2":{"start":{"line":12,"column":4},"end":{"line":18,"column":5}},"3":{"start":{"line":13,"column":27},"end":{"line":13,"column":51}},"4":{"start":{"line":14,"column":8},"end":{"line":14,"column":78}},"5":{"start":{"line":15,"column":8},"end":{"line":15,"column":29}},"6":{"start":{"line":17,"column":8},"end":{"line":17,"column":67}}},"fnMap":{"0":{"name":"(anonymous_0)","decl":{"start":{"line":11,"column":1},"end":{"line":11,"column":2}},"loc":{"start":{"line":11,"column":13},"end":{"line":19,"column":1}},"line":11}},"branchMap":{},"s":{"0":1,"1":1,"2":1,"3":1,"4":0,"5":0,"6":0},"f":{"0":1},"b":{},"_coverageSchema":"1a1c01bbd47fc00a2c39e90264f33305004495a9","hash":"b1ce8b81af321a506535086052d5c844963fa174"}
,"C:\\Users\\matheus.rrsilva1\\Desktop\\pizzaria-api\\src\\services\\produtoService.js": {"path":"C:\\Users\\matheus.rrsilva1\\Desktop\\pizzaria-api\\src\\services\\produtoService.js","statementMap":{"0":{"start":{"line":3,"column":23},"end":{"line":44,"column":1}},"1":{"start":{"line":5,"column":13},"end":{"line":5,"column":36}},"2":{"start":{"line":7,"column":23},"end":{"line":7,"column":25}},"3":{"start":{"line":9,"column":19},"end":{"line":9,"column":21}},"4":{"start":{"line":12,"column":4},"end":{"line":15,"column":5}},"5":{"start":{"line":13,"column":8},"end":{"line":13,"column":38}},"6":{"start":{"line":14,"column":8},"end":{"line":14,"column":30}},"7":{"start":{"line":17,"column":4},"end":{"line":20,"column":5}},"8":{"start":{"line":18,"column":8},"end":{"line":18,"column":38}},"9":{"start":{"line":19,"column":8},"end":{"line":19,"column":30}},"10":{"start":{"line":22,"column":4},"end":{"line":25,"column":5}},"11":{"start":{"line":23,"column":8},"end":{"line":23,"column":41}},"12":{"start":{"line":24,"column":8},"end":{"line":24,"column":24}},"13":{"start":{"line":27,"column":4},"end":{"line":30,"column":5}},"14":{"start":{"line":28,"column":8},"end":{"line":28,"column":46}},"15":{"start":{"line":29,"column":8},"end":{"line":29,"column":47}},"16":{"start":{"line":32,"column":4},"end":{"line":35,"column":5}},"17":{"start":{"line":33,"column":8},"end":{"line":33,"column":46}},"18":{"start":{"line":34,"column":8},"end":{"line":34,"column":47}},"19":{"start":{"line":38,"column":4},"end":{"line":40,"column":5}},"20":{"start":{"line":39,"column":8},"end":{"line":39,"column":52}},"21":{"start":{"line":42,"column":19},"end":{"line":42,"column":46}},"22":{"start":{"line":43,"column":4},"end":{"line":43,"column":16}},"23":{"start":{"line":63,"column":22},"end":{"line":66,"column":1}},"24":{"start":{"line":64,"column":23},"end":{"line":64,"column":79}},"25":{"start":{"line":65,"column":4},"end":{"line":65,"column":22}},"26":{"start":{"line":68,"column":22},"end":{"line":72,"column":1}},"27":{"start":{"line":69,"column":21},"end":{"line":69,"column":105}},"28":{"start":{"line":70,"column":4},"end":{"line":70,"column":36}},"29":{"start":{"line":74,"column":22},"end":{"line":77,"column":1}},"30":{"start":{"line":75,"column":21},"end":{"line":75,"column":91}},"31":{"start":{"line":76,"column":4},"end":{"line":76,"column":35}}},"fnMap":{"0":{"name":"(anonymous_0)","decl":{"start":{"line":3,"column":23},"end":{"line":3,"column":24}},"loc":{"start":{"line":3,"column":68},"end":{"line":44,"column":1}},"line":3},"1":{"name":"(anonymous_1)","decl":{"start":{"line":63,"column":22},"end":{"line":63,"column":23}},"loc":{"start":{"line":63,"column":45},"end":{"line":66,"column":1}},"line":63},"2":{"name":"(anonymous_2)","decl":{"start":{"line":68,"column":22},"end":{"line":68,"column":23}},"loc":{"start":{"line":68,"column":56},"end":{"line":72,"column":1}},"line":68},"3":{"name":"(anonymous_3)","decl":{"start":{"line":74,"column":22},"end":{"line":74,"column":23}},"loc":{"start":{"line":74,"column":43},"end":{"line":77,"column":1}},"line":74}},"branchMap":{"0":{"loc":{"start":{"line":12,"column":4},"end":{"line":15,"column":5}},"type":"if","locations":[{"start":{"line":12,"column":4},"end":{"line":15,"column":5}},{"start":{},"end":{}}],"line":12},"1":{"loc":{"start":{"line":17,"column":4},"end":{"line":20,"column":5}},"type":"if","locations":[{"start":{"line":17,"column":4},"end":{"line":20,"column":5}},{"start":{},"end":{}}],"line":17},"2":{"loc":{"start":{"line":22,"column":4},"end":{"line":25,"column":5}},"type":"if","locations":[{"start":{"line":22,"column":4},"end":{"line":25,"column":5}},{"start":{},"end":{}}],"line":22},"3":{"loc":{"start":{"line":27,"column":4},"end":{"line":30,"column":5}},"type":"if","locations":[{"start":{"line":27,"column":4},"end":{"line":30,"column":5}},{"start":{},"end":{}}],"line":27},"4":{"loc":{"start":{"line":32,"column":4},"end":{"line":35,"column":5}},"type":"if","locations":[{"start":{"line":32,"column":4},"end":{"line":35,"column":5}},{"start":{},"end":{}}],"line":32},"5":{"loc":{"start":{"line":38,"column":4},"end":{"line":40,"column":5}},"type":"if","locations":[{"start":{"line":38,"column":4},"end":{"line":40,"column":5}},{"start":{},"end":{}}],"line":38}},"s":{"0":1,"1":0,"2":0,"3":0,"4":0,"5":0,"6":0,"7":0,"8":0,"9":0,"10":0,"11":0,"12":0,"13":0,"14":0,"15":0,"16":0,"17":0,"18":0,"19":0,"20":0,"21":0,"22":0,"23":1,"24":0,"25":0,"26":1,"27":0,"28":0,"29":1,"30":0,"31":0},"f":{"0":0,"1":0,"2":0,"3":0},"b":{"0":[0,0],"1":[0,0],"2":[0,0],"3":[0,0],"4":[0,0],"5":[0,0]},"_coverageSchema":"1a1c01bbd47fc00a2c39e90264f33305004495a9","hash":"cc27b2c1dc1f3c9e9d3d3c3af8819f79093eeb07"}
,"C:\\Users\\matheus.rrsilva1\\Desktop\\pizzaria-api\\src\\utils\\validador.js": {"path":"C:\\Users\\matheus.rrsilva1\\Desktop\\pizzaria-api\\src\\utils\\validador.js","statementMap":{"0":{"start":{"line":2,"column":26},"end":{"line":11,"column":1}},"1":{"start":{"line":3,"column":4},"end":{"line":5,"column":5}},"2":{"start":{"line":4,"column":8},"end":{"line":4,"column":21}},"3":{"start":{"line":7,"column":4},"end":{"line":9,"column":5}},"4":{"start":{"line":8,"column":8},"end":{"line":8,"column":20}},"5":{"start":{"line":10,"column":4},"end":{"line":10,"column":17}}},"fnMap":{"0":{"name":"(anonymous_0)","decl":{"start":{"line":2,"column":26},"end":{"line":2,"column":27}},"loc":{"start":{"line":2,"column":35},"end":{"line":11,"column":1}},"line":2}},"branchMap":{"0":{"loc":{"start":{"line":3,"column":4},"end":{"line":5,"column":5}},"type":"if","locations":[{"start":{"line":3,"column":4},"end":{"line":5,"column":5}},{"start":{},"end":{}}],"line":3},"1":{"loc":{"start":{"line":7,"column":4},"end":{"line":9,"column":5}},"type":"if","locations":[{"start":{"line":7,"column":4},"end":{"line":9,"column":5}},{"start":{},"end":{}}],"line":7}},"s":{"0":1,"1":4,"2":2,"3":2,"4":1,"5":1},"f":{"0":4},"b":{"0":[2,2],"1":[1,1]},"_coverageSchema":"1a1c01bbd47fc00a2c39e90264f33305004495a9","hash":"ffd1cb0358438b90fae6e892cace92d86bcce895"}
}
